app/build/outputs/logs/manifest-merger-debug-report.txt
-- Merging decision tree log ---
manifest
ADDED from src/main/AndroidManifest.xml:2:1-122:12
INJECTED from src/main/AndroidManifest.xml:2:1-122:12
INJECTED from src/main/AndroidManifest.xml:2:1-122:12
INJECTED from src/main/AndroidManifest.xml:2:1-122:12
MERGED from src/main/AndroidManifest.xml:2:1-122:12
MERGED from [com.google.firebase:firebase-core:15.0.0] AndroidManifest.xml:2:1-9:12
MERGED from [com.theartofdev.edmodo:android-image-cropper:2.7.0] AndroidManifest.xml:2:1-11:12
MERGED from [gr.pantrif:easy-android-splash-screen:0.0.1] AndroidManifest.xml:2:1-19:12
MERGED from [com.basgeekball:awesome-validation:4.1] AndroidManifest.xml:2:1-11:12
MERGED from [com.android.support:design:27.1.1] AndroidManifest.xml:17:1-22:12
MERGED from [com.android.support:appcompat-v7:27.1.1] AndroidManifest.xml:17:1-22:12
MERGED from [com.google.firebase:firebase-auth:15.0.0] AndroidManifest.xml:17:1-32:12
MERGED from [com.google.firebase:firebase-firestore:15.0.0] AndroidManifest.xml:2:1-8:12
MERGED from [com.google.firebase:firebase-storage:15.0.0] AndroidManifest.xml:2:1-8:12
MERGED from [com.google.android.gms:play-services-location:15.0.0] AndroidManifest.xml:2:1-9:12
MERGED from [com.google.firebase:firebase-analytics:15.0.2] AndroidManifest.xml:17:1-55:12
MERGED from [com.google.android.gms:play-services-flags:15.0.1] AndroidManifest.xml:17:1-22:12
MERGED from [com.google.firebase:firebase-analytics-impl:15.0.2] AndroidManifest.xml:17:1-41:12
MERGED from [com.google.firebase:firebase-iid:15.1.0] AndroidManifest.xml:17:1-65:12
MERGED from [com.google.firebase:firebase-iid-interop:15.0.0] AndroidManifest.xml:2:1-10:12
MERGED from [com.github.jd-alexander:library:1.1.0] AndroidManifest.xml:2:1-13:12
MERGED from [com.google.android.gms:play-services-maps:15.0.0] AndroidManifest.xml:17:1-32:12
MERGED from [com.google.android.gms:play-services-base:15.0.1] AndroidManifest.xml:17:1-29:12
MERGED from [com.google.firebase:firebase-common:15.0.1] AndroidManifest.xml:2:1-15:12
MERGED from [com.google.android.gms:play-services-tasks:15.0.1] AndroidManifest.xml:2:1-9:12
MERGED from [com.google.firebase:firebase-database-collection:15.0.1] AndroidManifest.xml:2:1-8:12
MERGED from [com.google.firebase:firebase-storage-common:15.0.0] AndroidManifest.xml:2:1-8:12
MERGED from [com.google.android.gms:play-services-places-placereport:15.0.1] AndroidManifest.xml:17:1-24:12
MERGED from [com.google.android.gms:play-services-stats:15.0.1] AndroidManifest.xml:2:1-9:12
MERGED from [com.google.android.gms:play-services-ads-identifier:15.0.1] AndroidManifest.xml:17:1-24:12
MERGED from [com.google.android.gms:play-services-basement:15.0.1] AndroidManifest.xml:17:1-28:12
MERGED from [com.android.support:support-v4:27.1.1] AndroidManifest.xml:17:1-22:12
MERGED from [com.android.support:gridlayout-v7:27.1.1] AndroidManifest.xml:17:1-22:12
MERGED from [com.android.support.constraint:constraint-layout:1.1.0] AndroidManifest.xml:2:1-11:12
MERGED from [de.hdodenhof:circleimageview:2.2.0] AndroidManifest.xml:2:1-11:12
MERGED from [com.github.bumptech.glide:glide:4.6.1] AndroidManifest.xml:2:1-13:12
MERGED from [id.zelory:compressor:2.1.0] AndroidManifest.xml:2:1-12:12
MERGED from [com.borjabravo:readmoretextview:2.1.0] AndroidManifest.xml:2:1-12:12
MERGED from [com.squareup.picasso:picasso:2.71828] AndroidManifest.xml:2:1-14:12
MERGED from [com.firebase:geofire-android:2.3.1] AndroidManifest.xml:1:1-5:12
MERGED from [net.danlew:android.joda:2.9.9.4] AndroidManifest.xml:2:1-7:12
MERGED from [com.android.support:cardview-v7:27.1.1] AndroidManifest.xml:17:1-22:12
MERGED from [com.malinskiy:superrecyclerview:1.1.4] AndroidManifest.xml:2:1-14:12
MERGED from [jp.wasabeef:recyclerview-animators:2.3.0] AndroidManifest.xml:2:1-12:12
MERGED from [com.github.bumptech.glide:gifdecoder:4.6.1] AndroidManifest.xml:2:1-11:12
MERGED from [com.android.support:support-fragment:27.1.1] AndroidManifest.xml:17:1-22:12
MERGED from [com.android.support:animated-vector-drawable:27.1.1] AndroidManifest.xml:17:1-22:12
MERGED from [com.android.support:recyclerview-v7:27.1.1] AndroidManifest.xml:17:1-22:12
MERGED from [com.android.support:support-core-ui:27.1.1] AndroidManifest.xml:17:1-22:12
MERGED from [com.android.support:support-core-utils:27.1.1] AndroidManifest.xml:17:1-22:12
MERGED from [com.android.support:exifinterface:27.1.1] AndroidManifest.xml:17:1-22:12
MERGED from [com.android.support:transition:27.1.1] AndroidManifest.xml:17:1-22:12
MERGED from [com.android.support:support-vector-drawable:27.1.1] AndroidManifest.xml:17:1-22:12
MERGED from [com.android.support:support-media-compat:27.1.1] AndroidManifest.xml:17:1-22:12
MERGED from [com.android.support:support-compat:27.1.1] AndroidManifest.xml:17:1-22:12
MERGED from [com.google.android.gms:play-services-measurement-base:15.0.2] AndroidManifest.xml:17:1-24:12
MERGED from [android.arch.lifecycle:livedata-core:1.1.0] AndroidManifest.xml:17:1-22:12
MERGED from [android.arch.lifecycle:viewmodel:1.1.0] AndroidManifest.xml:17:1-22:12
MERGED from [android.arch.lifecycle:runtime:1.1.0] AndroidManifest.xml:17:1-22:12
MERGED from [android.arch.core:runtime:1.1.0] AndroidManifest.xml:17:1-22:12
INJECTED from src/debug/AndroidManifest.xml:1:1-7:12
INJECTED from src/debug/AndroidManifest.xml:1:1-7:12
INJECTED from src/debug/AndroidManifest.xml:1:1-7:12
	package
		ADDED from src/main/AndroidManifest.xml:3:5-44
		INJECTED from src/main/AndroidManifest.xml
		INJECTED from src/debug/AndroidManifest.xml
	android:versionName
		INJECTED from src/main/AndroidManifest.xml
		ADDED from src/main/AndroidManifest.xml:2:1-122:12
		INJECTED from src/debug/AndroidManifest.xml
	android:versionCode
		INJECTED from src/main/AndroidManifest.xml
		ADDED from src/main/AndroidManifest.xml:2:1-122:12
		INJECTED from src/debug/AndroidManifest.xml
	xmlns:android
		ADDED from src/main/AndroidManifest.xml:2:11-69
uses-permission#android.permission.ACCESS_COARSE_LOCATION
ADDED from src/main/AndroidManifest.xml:5:5-81
	android:name
		ADDED from src/main/AndroidManifest.xml:5:22-78
uses-permission#android.permission.ACCESS_NETWORK_STATE
ADDED from src/main/AndroidManifest.xml:6:5-79
MERGED from [com.google.firebase:firebase-analytics:15.0.2] AndroidManifest.xml:24:5-79
MERGED from [com.google.firebase:firebase-analytics:15.0.2] AndroidManifest.xml:24:5-79
MERGED from [com.google.firebase:firebase-analytics-impl:15.0.2] AndroidManifest.xml:24:5-79
MERGED from [com.google.firebase:firebase-analytics-impl:15.0.2] AndroidManifest.xml:24:5-79
MERGED from [com.google.firebase:firebase-iid:15.1.0] AndroidManifest.xml:22:5-79
MERGED from [com.google.firebase:firebase-iid:15.1.0] AndroidManifest.xml:22:5-79
MERGED from [com.google.android.gms:play-services-maps:15.0.0] AndroidManifest.xml:23:5-79
MERGED from [com.google.android.gms:play-services-maps:15.0.0] AndroidManifest.xml:23:5-79
	android:name
		ADDED from src/main/AndroidManifest.xml:6:22-76
uses-permission#android.permission.ACCESS_WIFI_STATE
ADDED from src/main/AndroidManifest.xml:7:5-76
	android:name
		ADDED from src/main/AndroidManifest.xml:7:22-73
uses-permission#android.permission.INTERNET
ADDED from src/main/AndroidManifest.xml:9:5-67
MERGED from [com.google.firebase:firebase-analytics:15.0.2] AndroidManifest.xml:23:5-67
MERGED from [com.google.firebase:firebase-analytics:15.0.2] AndroidManifest.xml:23:5-67
MERGED from [com.google.firebase:firebase-analytics-impl:15.0.2] AndroidManifest.xml:23:5-67
MERGED from [com.google.firebase:firebase-analytics-impl:15.0.2] AndroidManifest.xml:23:5-67
MERGED from [com.google.firebase:firebase-iid:15.1.0] AndroidManifest.xml:23:5-67
MERGED from [com.google.firebase:firebase-iid:15.1.0] AndroidManifest.xml:23:5-67
MERGED from [com.google.android.gms:play-services-maps:15.0.0] AndroidManifest.xml:24:5-67
MERGED from [com.google.android.gms:play-services-maps:15.0.0] AndroidManifest.xml:24:5-67
MERGED from [com.firebase:geofire-android:2.3.1] AndroidManifest.xml:4:3-64
MERGED from [com.firebase:geofire-android:2.3.1] AndroidManifest.xml:4:3-64
	android:name
		ADDED from src/main/AndroidManifest.xml:9:22-64
uses-permission#android.permission.CALL_PHONE
ADDED from src/main/AndroidManifest.xml:10:5-69
	android:name
		ADDED from src/main/AndroidManifest.xml:10:22-66
uses-permission#android.permission.READ_EXTERNAL_STORAGE
ADDED from src/main/AndroidManifest.xml:11:5-80
	android:name
		ADDED from src/main/AndroidManifest.xml:11:22-77
uses-feature#android.hardware.location.gps
ADDED from src/main/AndroidManifest.xml:14:5-66
	android:name
		ADDED from src/main/AndroidManifest.xml:14:19-63
uses-permission#android.permission.ACCESS_FINE_LOCATION
ADDED from src/main/AndroidManifest.xml:21:5-79
	android:name
		ADDED from src/main/AndroidManifest.xml:21:22-76
application
ADDED from src/main/AndroidManifest.xml:23:5-120:19
MERGED from src/main/AndroidManifest.xml:23:5-120:19
MERGED from src/main/AndroidManifest.xml:23:5-120:19
MERGED from [com.google.firebase:firebase-core:15.0.0] AndroidManifest.xml:7:5-20
MERGED from [com.google.firebase:firebase-core:15.0.0] AndroidManifest.xml:7:5-20
MERGED from [gr.pantrif:easy-android-splash-screen:0.0.1] AndroidManifest.xml:12:5-17:19
MERGED from [gr.pantrif:easy-android-splash-screen:0.0.1] AndroidManifest.xml:12:5-17:19
MERGED from [com.google.firebase:firebase-auth:15.0.0] AndroidManifest.xml:22:5-30:19
MERGED from [com.google.firebase:firebase-auth:15.0.0] AndroidManifest.xml:22:5-30:19
MERGED from [com.google.android.gms:play-services-location:15.0.0] AndroidManifest.xml:7:5-20
MERGED from [com.google.android.gms:play-services-location:15.0.0] AndroidManifest.xml:7:5-20
MERGED from [com.google.firebase:firebase-analytics:15.0.2] AndroidManifest.xml:28:5-53:19
MERGED from [com.google.firebase:firebase-analytics:15.0.2] AndroidManifest.xml:28:5-53:19
MERGED from [com.google.firebase:firebase-analytics-impl:15.0.2] AndroidManifest.xml:28:5-39:19
MERGED from [com.google.firebase:firebase-analytics-impl:15.0.2] AndroidManifest.xml:28:5-39:19
MERGED from [com.google.firebase:firebase-iid:15.1.0] AndroidManifest.xml:34:5-63:19
MERGED from [com.google.firebase:firebase-iid:15.1.0] AndroidManifest.xml:34:5-63:19
MERGED from [com.google.firebase:firebase-iid-interop:15.0.0] AndroidManifest.xml:7:5-8:19
MERGED from [com.google.firebase:firebase-iid-interop:15.0.0] AndroidManifest.xml:7:5-8:19
MERGED from [com.github.jd-alexander:library:1.1.0] AndroidManifest.xml:11:5-20
MERGED from [com.github.jd-alexander:library:1.1.0] AndroidManifest.xml:11:5-20
MERGED from [com.google.android.gms:play-services-maps:15.0.0] AndroidManifest.xml:30:5-20
MERGED from [com.google.android.gms:play-services-maps:15.0.0] AndroidManifest.xml:30:5-20
MERGED from [com.google.android.gms:play-services-base:15.0.1] AndroidManifest.xml:22:5-27:19
MERGED from [com.google.android.gms:play-services-base:15.0.1] AndroidManifest.xml:22:5-27:19
MERGED from [com.google.firebase:firebase-common:15.0.1] AndroidManifest.xml:7:5-13:19
MERGED from [com.google.firebase:firebase-common:15.0.1] AndroidManifest.xml:7:5-13:19
MERGED from [com.google.android.gms:play-services-tasks:15.0.1] AndroidManifest.xml:7:5-20
MERGED from [com.google.android.gms:play-services-tasks:15.0.1] AndroidManifest.xml:7:5-20
MERGED from [com.google.android.gms:play-services-places-placereport:15.0.1] AndroidManifest.xml:22:5-20
MERGED from [com.google.android.gms:play-services-places-placereport:15.0.1] AndroidManifest.xml:22:5-20
MERGED from [com.google.android.gms:play-services-stats:15.0.1] AndroidManifest.xml:7:5-20
MERGED from [com.google.android.gms:play-services-stats:15.0.1] AndroidManifest.xml:7:5-20
MERGED from [com.google.android.gms:play-services-ads-identifier:15.0.1] AndroidManifest.xml:22:5-20
MERGED from [com.google.android.gms:play-services-ads-identifier:15.0.1] AndroidManifest.xml:22:5-20
MERGED from [com.google.android.gms:play-services-basement:15.0.1] AndroidManifest.xml:22:5-26:19
MERGED from [com.google.android.gms:play-services-basement:15.0.1] AndroidManifest.xml:22:5-26:19
MERGED from [com.android.support.constraint:constraint-layout:1.1.0] AndroidManifest.xml:9:5-20
MERGED from [com.android.support.constraint:constraint-layout:1.1.0] AndroidManifest.xml:9:5-20
MERGED from [de.hdodenhof:circleimageview:2.2.0] AndroidManifest.xml:9:5-20
MERGED from [de.hdodenhof:circleimageview:2.2.0] AndroidManifest.xml:9:5-20
MERGED from [com.github.bumptech.glide:glide:4.6.1] AndroidManifest.xml:11:5-20
MERGED from [com.github.bumptech.glide:glide:4.6.1] AndroidManifest.xml:11:5-20
MERGED from [com.squareup.picasso:picasso:2.71828] AndroidManifest.xml:7:5-12:19
MERGED from [com.squareup.picasso:picasso:2.71828] AndroidManifest.xml:7:5-12:19
MERGED from [com.malinskiy:superrecyclerview:1.1.4] AndroidManifest.xml:12:5-20
MERGED from [com.malinskiy:superrecyclerview:1.1.4] AndroidManifest.xml:12:5-20
MERGED from [com.github.bumptech.glide:gifdecoder:4.6.1] AndroidManifest.xml:9:5-20
MERGED from [com.github.bumptech.glide:gifdecoder:4.6.1] AndroidManifest.xml:9:5-20
MERGED from [com.google.android.gms:play-services-measurement-base:15.0.2] AndroidManifest.xml:22:5-20
MERGED from [com.google.android.gms:play-services-measurement-base:15.0.2] AndroidManifest.xml:22:5-20
	android:supportsRtl
		ADDED from src/main/AndroidManifest.xml:28:9-35
		ADDED from src/main/AndroidManifest.xml:28:9-35
	android:label
		ADDED from src/main/AndroidManifest.xml:27:9-41
		ADDED from src/main/AndroidManifest.xml:27:9-41
	android:hardwareAccelerated
		ADDED from src/main/AndroidManifest.xml:24:9-44
		ADDED from src/main/AndroidManifest.xml:24:9-44
	android:configChanges
		ADDED from [gr.pantrif:easy-android-splash-screen:0.0.1] AndroidManifest.xml:14:9-70
	android:icon
		ADDED from src/main/AndroidManifest.xml:26:9-45
		ADDED from src/main/AndroidManifest.xml:26:9-45
	android:allowBackup
		ADDED from src/main/AndroidManifest.xml:25:9-35
		ADDED from src/main/AndroidManifest.xml:25:9-35
	android:theme
		ADDED from src/main/AndroidManifest.xml:29:9-40
		ADDED from src/main/AndroidManifest.xml:29:9-40
uses-library#org.apache.http.legacy
ADDED from src/main/AndroidManifest.xml:31:9-87
	android:required
		ADDED from src/main/AndroidManifest.xml:31:61-85
	android:name
		ADDED from src/main/AndroidManifest.xml:31:23-60
meta-data#com.google.android.gms.version
ADDED from src/main/AndroidManifest.xml:32:9-34:69
MERGED from [com.google.android.gms:play-services-basement:15.0.1] AndroidManifest.xml:23:9-25:69
MERGED from [com.google.android.gms:play-services-basement:15.0.1] AndroidManifest.xml:23:9-25:69
	android:value
		ADDED from src/main/AndroidManifest.xml:34:13-66
	android:name
		ADDED from src/main/AndroidManifest.xml:33:13-58
activity#com.theartofdev.edmodo.cropper.CropImageActivity
ADDED from src/main/AndroidManifest.xml:36:9-38:59
	android:theme
		ADDED from src/main/AndroidManifest.xml:38:13-56
	android:name
		ADDED from src/main/AndroidManifest.xml:37:13-76
activity#com.example.thebeast.afyahelp.myaccount.Login
ADDED from src/main/AndroidManifest.xml:39:9-53
	android:name
		ADDED from src/main/AndroidManifest.xml:39:19-50
activity#com.example.thebeast.afyahelp.MainActivity
ADDED from src/main/AndroidManifest.xml:40:9-43:59
	android:label
		ADDED from src/main/AndroidManifest.xml:42:13-45
	android:theme
		ADDED from src/main/AndroidManifest.xml:43:13-56
	android:name
		ADDED from src/main/AndroidManifest.xml:41:13-41
activity#com.example.thebeast.afyahelp.myaccount.Register
ADDED from src/main/AndroidManifest.xml:44:9-56
	android:name
		ADDED from src/main/AndroidManifest.xml:44:19-53
activity#com.example.thebeast.afyahelp.myaccount.Profile
ADDED from src/main/AndroidManifest.xml:45:9-55
	android:name
		ADDED from src/main/AndroidManifest.xml:45:19-52
activity#com.example.thebeast.afyahelp.myaccount.MyAccount
ADDED from src/main/AndroidManifest.xml:46:9-57
	android:name
		ADDED from src/main/AndroidManifest.xml:46:19-54
meta-data#com.google.android.geo.API_KEY
ADDED from src/main/AndroidManifest.xml:55:9-57:55
	android:value
		ADDED from src/main/AndroidManifest.xml:57:13-52
	android:name
		ADDED from src/main/AndroidManifest.xml:56:13-58
activity#com.example.thebeast.afyahelp.maps_and_location.DriverMapsActivity
ADDED from src/main/AndroidManifest.xml:59:9-65:20
	android:label
		ADDED from src/main/AndroidManifest.xml:61:13-63
	android:name
		ADDED from src/main/AndroidManifest.xml:60:13-65
meta-data#android.support.PARENT_ACTIVITY
ADDED from src/main/AndroidManifest.xml:62:13-64:78
	android:value
		ADDED from src/main/AndroidManifest.xml:64:17-75
	android:name
		ADDED from src/main/AndroidManifest.xml:63:17-63
activity#com.example.thebeast.afyahelp.maps_and_location.MapsActivity
ADDED from src/main/AndroidManifest.xml:66:9-72:20
	android:label
		ADDED from src/main/AndroidManifest.xml:68:13-56
	android:name
		ADDED from src/main/AndroidManifest.xml:67:13-59
activity#com.example.thebeast.afyahelp.maps_and_location.Locationme
ADDED from src/main/AndroidManifest.xml:73:9-66
	android:name
		ADDED from src/main/AndroidManifest.xml:73:19-63
activity#com.example.thebeast.afyahelp.emergencylines.EmergencyLines
ADDED from src/main/AndroidManifest.xml:74:9-80:20
	android:parentActivityName
		ADDED from src/main/AndroidManifest.xml:76:13-55
	android:name
		ADDED from src/main/AndroidManifest.xml:75:13-58
activity#com.example.thebeast.afyahelp.emergencylines.EmergencyLine_View
ADDED from src/main/AndroidManifest.xml:81:9-71
	android:name
		ADDED from src/main/AndroidManifest.xml:81:19-68
activity#com.example.thebeast.afyahelp.emergencylines.Ambulance_Location
ADDED from src/main/AndroidManifest.xml:82:9-89:20
	android:parentActivityName
		ADDED from src/main/AndroidManifest.xml:85:13-55
	android:label
		ADDED from src/main/AndroidManifest.xml:84:13-71
	android:name
		ADDED from src/main/AndroidManifest.xml:83:13-62
activity#com.example.thebeast.afyahelp.maps_and_location.Gpslocation
ADDED from src/main/AndroidManifest.xml:90:9-67
	android:name
		ADDED from src/main/AndroidManifest.xml:90:19-64
activity#com.example.thebeast.afyahelp.myaccount.Edit_Account
ADDED from src/main/AndroidManifest.xml:91:9-60
	android:name
		ADDED from src/main/AndroidManifest.xml:91:19-57
activity#com.example.thebeast.afyahelp.Respiratory_problem
ADDED from src/main/AndroidManifest.xml:92:9-57
	android:name
		ADDED from src/main/AndroidManifest.xml:92:19-54
activity#com.example.thebeast.afyahelp.respiratory.Adult_Chock
ADDED from src/main/AndroidManifest.xml:93:9-61
	android:name
		ADDED from src/main/AndroidManifest.xml:93:19-58
activity#com.example.thebeast.afyahelp.respiratory.Child_chock
ADDED from src/main/AndroidManifest.xml:94:9-61
	android:name
		ADDED from src/main/AndroidManifest.xml:94:19-58
activity#com.example.thebeast.afyahelp.respiratory.Chest_wound
ADDED from src/main/AndroidManifest.xml:95:9-61
	android:name
		ADDED from src/main/AndroidManifest.xml:95:19-58
activity#com.example.thebeast.afyahelp.respiratory.Asthma
ADDED from src/main/AndroidManifest.xml:96:9-56
	android:name
		ADDED from src/main/AndroidManifest.xml:96:19-53
activity#com.example.thebeast.afyahelp.respiratory.Fume_inhalation
ADDED from src/main/AndroidManifest.xml:97:9-65
	android:name
		ADDED from src/main/AndroidManifest.xml:97:19-62
activity#com.example.thebeast.afyahelp.cpr.Cpr_main
ADDED from src/main/AndroidManifest.xml:98:9-50
	android:name
		ADDED from src/main/AndroidManifest.xml:98:19-47
activity#com.example.thebeast.afyahelp.cpr.General_cpr
ADDED from src/main/AndroidManifest.xml:99:9-53
	android:name
		ADDED from src/main/AndroidManifest.xml:99:19-50
activity#com.example.thebeast.afyahelp.cpr.Adult_cpr
ADDED from src/main/AndroidManifest.xml:100:9-51
	android:name
		ADDED from src/main/AndroidManifest.xml:100:19-48
activity#com.example.thebeast.afyahelp.cpr.Child_cpr
ADDED from src/main/AndroidManifest.xml:101:9-51
	android:name
		ADDED from src/main/AndroidManifest.xml:101:19-48
activity#com.example.thebeast.afyahelp.cpr.Infant_cpr
ADDED from src/main/AndroidManifest.xml:102:9-52
	android:name
		ADDED from src/main/AndroidManifest.xml:102:19-49
activity#com.example.thebeast.afyahelp.cpr.Recovery_position
ADDED from src/main/AndroidManifest.xml:103:9-59
	android:name
		ADDED from src/main/AndroidManifest.xml:103:19-56
activity#com.example.thebeast.afyahelp.myaccount.Password_reset
ADDED from src/main/AndroidManifest.xml:104:9-62
	android:name
		ADDED from src/main/AndroidManifest.xml:104:19-59
activity#com.example.thebeast.afyahelp.Splash_screen
ADDED from src/main/AndroidManifest.xml:105:9-111:20
	android:name
		ADDED from src/main/AndroidManifest.xml:105:19-48
intent-filter#action:name:android.intent.action.MAIN+category:name:android.intent.category.LAUNCHER
ADDED from src/main/AndroidManifest.xml:106:13-110:29
action#android.intent.action.MAIN
ADDED from src/main/AndroidManifest.xml:107:17-69
	android:name
		ADDED from src/main/AndroidManifest.xml:107:25-66
category#android.intent.category.LAUNCHER
ADDED from src/main/AndroidManifest.xml:109:17-77
	android:name
		ADDED from src/main/AndroidManifest.xml:109:27-74
activity#com.example.thebeast.afyahelp.Quick_access
ADDED from src/main/AndroidManifest.xml:112:9-50
	android:name
		ADDED from src/main/AndroidManifest.xml:112:19-47
activity#com.example.thebeast.afyahelp.maps_and_location.DirectionsApi
ADDED from src/main/AndroidManifest.xml:113:9-119:20
	android:label
		ADDED from src/main/AndroidManifest.xml:115:13-66
	android:name
		ADDED from src/main/AndroidManifest.xml:114:13-60
uses-sdk
INJECTED from src/main/AndroidManifest.xml reason: use-sdk injection requested
INJECTED from src/main/AndroidManifest.xml
INJECTED from src/main/AndroidManifest.xml
MERGED from [com.google.firebase:firebase-core:15.0.0] AndroidManifest.xml:5:5-44
MERGED from [com.google.firebase:firebase-core:15.0.0] AndroidManifest.xml:5:5-44
MERGED from [com.theartofdev.edmodo:android-image-cropper:2.7.0] AndroidManifest.xml:7:5-9:41
MERGED from [com.theartofdev.edmodo:android-image-cropper:2.7.0] AndroidManifest.xml:7:5-9:41
MERGED from [gr.pantrif:easy-android-splash-screen:0.0.1] AndroidManifest.xml:8:5-10:41
MERGED from [gr.pantrif:easy-android-splash-screen:0.0.1] AndroidManifest.xml:8:5-10:41
MERGED from [com.basgeekball:awesome-validation:4.1] AndroidManifest.xml:7:5-9:41
MERGED from [com.basgeekball:awesome-validation:4.1] AndroidManifest.xml:7:5-9:41
MERGED from [com.android.support:design:27.1.1] AndroidManifest.xml:20:5-44
MERGED from [com.android.support:design:27.1.1] AndroidManifest.xml:20:5-44
MERGED from [com.android.support:appcompat-v7:27.1.1] AndroidManifest.xml:20:5-44
MERGED from [com.android.support:appcompat-v7:27.1.1] AndroidManifest.xml:20:5-44
MERGED from [com.google.firebase:firebase-auth:15.0.0] AndroidManifest.xml:20:5-44
MERGED from [com.google.firebase:firebase-auth:15.0.0] AndroidManifest.xml:20:5-44
MERGED from [com.google.firebase:firebase-firestore:15.0.0] AndroidManifest.xml:6:5-44
MERGED from [com.google.firebase:firebase-firestore:15.0.0] AndroidManifest.xml:6:5-44
MERGED from [com.google.firebase:firebase-storage:15.0.0] AndroidManifest.xml:6:5-44
MERGED from [com.google.firebase:firebase-storage:15.0.0] AndroidManifest.xml:6:5-44
MERGED from [com.google.android.gms:play-services-location:15.0.0] AndroidManifest.xml:5:5-44
MERGED from [com.google.android.gms:play-services-location:15.0.0] AndroidManifest.xml:5:5-44
MERGED from [com.google.firebase:firebase-analytics:15.0.2] AndroidManifest.xml:20:5-44
MERGED from [com.google.firebase:firebase-analytics:15.0.2] AndroidManifest.xml:20:5-44
MERGED from [com.google.android.gms:play-services-flags:15.0.1] AndroidManifest.xml:20:5-44
MERGED from [com.google.android.gms:play-services-flags:15.0.1] AndroidManifest.xml:20:5-44
MERGED from [com.google.firebase:firebase-analytics-impl:15.0.2] AndroidManifest.xml:20:5-44
MERGED from [com.google.firebase:firebase-analytics-impl:15.0.2] AndroidManifest.xml:20:5-44
MERGED from [com.google.firebase:firebase-iid:15.1.0] AndroidManifest.xml:20:5-44
MERGED from [com.google.firebase:firebase-iid:15.1.0] AndroidManifest.xml:20:5-44
MERGED from [com.google.firebase:firebase-iid-interop:15.0.0] AndroidManifest.xml:5:5-44
MERGED from [com.google.firebase:firebase-iid-interop:15.0.0] AndroidManifest.xml:5:5-44
MERGED from [com.github.jd-alexander:library:1.1.0] AndroidManifest.xml:7:5-9:41
MERGED from [com.github.jd-alexander:library:1.1.0] AndroidManifest.xml:7:5-9:41
MERGED from [com.google.android.gms:play-services-maps:15.0.0] AndroidManifest.xml:20:5-44
MERGED from [com.google.android.gms:play-services-maps:15.0.0] AndroidManifest.xml:20:5-44
MERGED from [com.google.android.gms:play-services-base:15.0.1] AndroidManifest.xml:20:5-44
MERGED from [com.google.android.gms:play-services-base:15.0.1] AndroidManifest.xml:20:5-44
MERGED from [com.google.firebase:firebase-common:15.0.1] AndroidManifest.xml:5:5-44
MERGED from [com.google.firebase:firebase-common:15.0.1] AndroidManifest.xml:5:5-44
MERGED from [com.google.android.gms:play-services-tasks:15.0.1] AndroidManifest.xml:5:5-44
MERGED from [com.google.android.gms:play-services-tasks:15.0.1] AndroidManifest.xml:5:5-44
MERGED from [com.google.firebase:firebase-database-collection:15.0.1] AndroidManifest.xml:6:5-44
MERGED from [com.google.firebase:firebase-database-collection:15.0.1] AndroidManifest.xml:6:5-44
MERGED from [com.google.firebase:firebase-storage-common:15.0.0] AndroidManifest.xml:6:5-44
MERGED from [com.google.firebase:firebase-storage-common:15.0.0] AndroidManifest.xml:6:5-44
MERGED from [com.google.android.gms:play-services-places-placereport:15.0.1] AndroidManifest.xml:20:5-44
MERGED from [com.google.android.gms:play-services-places-placereport:15.0.1] AndroidManifest.xml:20:5-44
MERGED from [com.google.android.gms:play-services-stats:15.0.1] AndroidManifest.xml:5:5-44
MERGED from [com.google.android.gms:play-services-stats:15.0.1] AndroidManifest.xml:5:5-44
MERGED from [com.google.android.gms:play-services-ads-identifier:15.0.1] AndroidManifest.xml:20:5-44
MERGED from [com.google.android.gms:play-services-ads-identifier:15.0.1] AndroidManifest.xml:20:5-44
MERGED from [com.google.android.gms:play-services-basement:15.0.1] AndroidManifest.xml:20:5-44
MERGED from [com.google.android.gms:play-services-basement:15.0.1] AndroidManifest.xml:20:5-44
MERGED from [com.android.support:support-v4:27.1.1] AndroidManifest.xml:20:5-44
MERGED from [com.android.support:support-v4:27.1.1] AndroidManifest.xml:20:5-44
MERGED from [com.android.support:gridlayout-v7:27.1.1] AndroidManifest.xml:20:5-44
MERGED from [com.android.support:gridlayout-v7:27.1.1] AndroidManifest.xml:20:5-44
MERGED from [com.android.support.constraint:constraint-layout:1.1.0] AndroidManifest.xml:5:5-7:41
MERGED from [com.android.support.constraint:constraint-layout:1.1.0] AndroidManifest.xml:5:5-7:41
MERGED from [de.hdodenhof:circleimageview:2.2.0] AndroidManifest.xml:5:5-7:41
MERGED from [de.hdodenhof:circleimageview:2.2.0] AndroidManifest.xml:5:5-7:41
MERGED from [com.github.bumptech.glide:glide:4.6.1] AndroidManifest.xml:7:5-9:41
MERGED from [com.github.bumptech.glide:glide:4.6.1] AndroidManifest.xml:7:5-9:41
MERGED from [id.zelory:compressor:2.1.0] AndroidManifest.xml:8:5-10:41
MERGED from [id.zelory:compressor:2.1.0] AndroidManifest.xml:8:5-10:41
MERGED from [com.borjabravo:readmoretextview:2.1.0] AndroidManifest.xml:8:5-10:41
MERGED from [com.borjabravo:readmoretextview:2.1.0] AndroidManifest.xml:8:5-10:41
MERGED from [com.squareup.picasso:picasso:2.71828] AndroidManifest.xml:5:5-44
MERGED from [com.squareup.picasso:picasso:2.71828] AndroidManifest.xml:5:5-44
MERGED from [com.firebase:geofire-android:2.3.1] AndroidManifest.xml:2:3-70
MERGED from [com.firebase:geofire-android:2.3.1] AndroidManifest.xml:2:3-70
MERGED from [net.danlew:android.joda:2.9.9.4] AndroidManifest.xml:5:5-43
MERGED from [net.danlew:android.joda:2.9.9.4] AndroidManifest.xml:5:5-43
MERGED from [com.android.support:cardview-v7:27.1.1] AndroidManifest.xml:20:5-44
MERGED from [com.android.support:cardview-v7:27.1.1] AndroidManifest.xml:20:5-44
MERGED from [com.malinskiy:superrecyclerview:1.1.4] AndroidManifest.xml:8:5-10:41
MERGED from [com.malinskiy:superrecyclerview:1.1.4] AndroidManifest.xml:8:5-10:41
MERGED from [jp.wasabeef:recyclerview-animators:2.3.0] AndroidManifest.xml:8:5-10:41
MERGED from [jp.wasabeef:recyclerview-animators:2.3.0] AndroidManifest.xml:8:5-10:41
MERGED from [com.github.bumptech.glide:gifdecoder:4.6.1] AndroidManifest.xml:5:5-7:41
MERGED from [com.github.bumptech.glide:gifdecoder:4.6.1] AndroidManifest.xml:5:5-7:41
MERGED from [com.android.support:support-fragment:27.1.1] AndroidManifest.xml:20:5-44
MERGED from [com.android.support:support-fragment:27.1.1] AndroidManifest.xml:20:5-44
MERGED from [com.android.support:animated-vector-drawable:27.1.1] AndroidManifest.xml:20:5-44
MERGED from [com.android.support:animated-vector-drawable:27.1.1] AndroidManifest.xml:20:5-44
MERGED from [com.android.support:recyclerview-v7:27.1.1] AndroidManifest.xml:20:5-44
MERGED from [com.android.support:recyclerview-v7:27.1.1] AndroidManifest.xml:20:5-44
MERGED from [com.android.support:support-core-ui:27.1.1] AndroidManifest.xml:20:5-44
MERGED from [com.android.support:support-core-ui:27.1.1] AndroidManifest.xml:20:5-44
MERGED from [com.android.support:support-core-utils:27.1.1] AndroidManifest.xml:20:5-44
MERGED from [com.android.support:support-core-utils:27.1.1] AndroidManifest.xml:20:5-44
MERGED from [com.android.support:exifinterface:27.1.1] AndroidManifest.xml:20:5-44
MERGED from [com.android.support:exifinterface:27.1.1] AndroidManifest.xml:20:5-44
MERGED from [com.android.support:transition:27.1.1] AndroidManifest.xml:20:5-44
MERGED from [com.android.support:transition:27.1.1] AndroidManifest.xml:20:5-44
MERGED from [com.android.support:support-vector-drawable:27.1.1] AndroidManifest.xml:20:5-44
MERGED from [com.android.support:support-vector-drawable:27.1.1] AndroidManifest.xml:20:5-44